{"name": "Login with invalid credentials", "status": "failed", "statusDetails": {"message": "AssertionError: assert 'dashboard' in 'https://opensource-demo.orangehrmlive.com/web/index.php/auth/login'\n +  where 'https://opensource-demo.orangehrmlive.com/web/index.php/auth/login' = <built-in method lower of str object at 0x0000029C6AED9FB0>()\n +    where <built-in method lower of str object at 0x0000029C6AED9FB0> = 'https://opensource-demo.orangehrmlive.com/web/index.php/auth/login'.lower\n +      where 'https://opensource-demo.orangehrmlive.com/web/index.php/auth/login' = <selenium.webdriver.chrome.webdriver.WebDriver (session=\"6fc6db6c02d06d5e29fe0d7e109c658a\")>.current_url\n +        where <selenium.webdriver.chrome.webdriver.WebDriver (session=\"6fc6db6c02d06d5e29fe0d7e109c658a\")> = <tests.test_login.TestLogin object at 0x0000029C6AE22490>.driver", "trace": "self = <tests.test_login.TestLogin object at 0x0000029C6AE22490>\n\n    @allure.title(\"Login with invalid credentials\")\n    def test_login_invalid(self):\n        login_page = LoginPage(self.driver)\n        login_page.login(\"invalidUser\", \"wrongPass\")\n>       assert \"dashboard\" in self.driver.current_url.lower()\nE       assert 'dashboard' in 'https://opensource-demo.orangehrmlive.com/web/index.php/auth/login'\nE        +  where 'https://opensource-demo.orangehrmlive.com/web/index.php/auth/login' = <built-in method lower of str object at 0x0000029C6AED9FB0>()\nE        +    where <built-in method lower of str object at 0x0000029C6AED9FB0> = 'https://opensource-demo.orangehrmlive.com/web/index.php/auth/login'.lower\nE        +      where 'https://opensource-demo.orangehrmlive.com/web/index.php/auth/login' = <selenium.webdriver.chrome.webdriver.WebDriver (session=\"6fc6db6c02d06d5e29fe0d7e109c658a\")>.current_url\nE        +        where <selenium.webdriver.chrome.webdriver.WebDriver (session=\"6fc6db6c02d06d5e29fe0d7e109c658a\")> = <tests.test_login.TestLogin object at 0x0000029C6AE22490>.driver\n\ntests\\test_login.py:21: AssertionError"}, "start": 1752592914796, "stop": 1752592927454, "uuid": "b4074934-2574-4a17-99b0-1dfb5b86dc2b", "historyId": "5da0defd295c5b73991b1ce5dbbe7dd0", "testCaseId": "5da0defd295c5b73991b1ce5dbbe7dd0", "fullName": "tests.test_login.TestLogin#test_login_invalid", "labels": [{"name": "epic", "value": "Login Module"}, {"name": "parentSuite", "value": "tests"}, {"name": "suite", "value": "test_login"}, {"name": "subSuite", "value": "TestLogin"}, {"name": "host", "value": "AnhHuy"}, {"name": "thread", "value": "7688-MainThread"}, {"name": "framework", "value": "pytest"}, {"name": "language", "value": "cpython3"}, {"name": "package", "value": "tests.test_login"}]}